Log: [46955330-90c7-41cc-bda1-ee5074b4d85b:2025-10-28T21:28:11.243923+0300 - INFO - Successfully accessed / 
Log: [0f0dbcc5-e890-42e4-974c-5e74a1b411c6:2025-10-28T21:28:17.253510+0300 - INFO - Successfully accessed /api/v1/docs 
Log: [f449f5a7-60b9-4f79-9bb4-dca3a7e8354a:2025-10-28T21:28:17.376200+0300 - INFO - Successfully accessed /api/v1/openapi.json 
Log: [538dca2b-5998-40a4-b5f7-22c5483166c2:2025-10-28T21:28:24.482264+0300 - INFO - Successfully accessed /api/v1/products/ 
Log: [57669d17-490e-43f6-b3b6-b546b2428827:2025-10-28T21:29:21.266871+0300 - WARNING - Request to /api/v1/products/ failed 
Log: [2380774d-fb88-4d6f-bdbe-74fc5c4d7159:2025-10-28T21:31:25.303854+0300 - WARNING - Request to /feeds/latest/ failed 
Log: [65b55f9f-ba3f-434f-b199-f72fd1e60e1b:2025-10-28T21:34:38.031171+0300 - INFO - Successfully accessed /api/v1/users/ ]
Log: [d09bc807-e970-4cba-adf5-271b32a90d14:2025-10-28T21:36:29.464648+0300 - WARNING - Request to /api/v1/reviews/ failed (401) ]
Log: [295d9df2-c8c4-4cf5-8be7-7e825228b4ca:2025-10-28T21:37:58.779949+0300 - INFO - Successfully accessed /api/v1/users/token]
Log: [82427138-b5aa-49b9-95af-1b996eab7798:2025-10-28T21:38:29.574916+0300 - WARNING - Request to /api/v1/categories/ failed (403)]
Log: [cc71e2de-5d4a-48b9-b9cf-0abaeee6fc69:2025-10-28T21:58:02.368936+0300 - INFO - Successfully accessed /]
Log: [ae4c3250-da9d-42ee-8feb-a200f0f9f217:2025-10-28T21:58:07.974076+0300 - INFO - Successfully accessed /api/v1/docs]
Log: [30b0f1fa-8f1c-47ea-adb0-31164d5e810a:2025-10-28T21:58:08.101749+0300 - INFO - Successfully accessed /api/v1/openapi.json]
Log: [bf9d5a13-c6c8-42ab-9b0c-6fec1925080e:2025-10-28T21:58:12.062184+0300 - INFO - Successfully accessed /api/v1/categories/]
Log: [07748852-12a6-4945-aaac-e5407cec993a:2025-10-28T22:00:58.251175+0300 - INFO - Successfully accessed /api/v1/products/ (200)]
Log: [e583ce2e-4a40-4a99-94ee-af3b0813b1b6:2025-10-28T22:01:25.667265+0300 - WARNING - Request to /feeds/latest/ failed (404)]
Log: [4bdcadda-2e80-4bd6-8e73-984209af8fbd:2025-10-28T22:01:27.396630+0300 - INFO - Successfully accessed /api/v1/users/ (201)]
Log: [0f762529-53cb-41f1-8092-f8c0f326330d:2025-11-11T20:46:12.782289+0300 - INFO - Successfully accessed / (200)]
Log: [15d1de1b-5c84-41ef-a033-a1ea7d20ef13:2025-11-11T20:46:12.978211+0300 - WARNING - Request to /favicon.ico failed (404)]
Log: [e02836fc-f529-4099-a910-3dd709777062:2025-11-11T20:46:13.253242+0300 - WARNING - Request to /feeds/latest/ failed (404)]
Log: [0e7726c5-33ec-4455-8076-b8588a83b533:2025-11-11T20:46:19.558685+0300 - INFO - Successfully accessed /api/v1/docs (200)]
Log: [ecbaf2a8-169c-4129-acef-144bf263688b:2025-11-11T20:46:19.925860+0300 - INFO - Successfully accessed /api/v1/openapi.json (200)]
Log: [3ec4e9f6-7168-4d58-8fb3-1fcf8ee65f8e:2025-11-11T20:46:28.027867+0300 - INFO - Successfully accessed /api/v1/categories/ (500)]
Log: [eb040577-5704-4638-b1a3-e1ee7eeb3111:2025-11-11T20:48:46.490226+0300 - INFO - Successfully accessed /api/v1/categories/ (500)]
Log: [db438b06-d21d-4e8b-923b-463f57999ed2:2025-11-11T20:50:20.185536+0300 - INFO - Successfully accessed /api/v1/categories/ (500)]
Log: [df23cc89-c152-4853-96fa-039ec6499771:2025-11-11T20:50:30.596089+0300 - INFO - Successfully accessed / (200)]
Log: [3707a62e-89f4-4504-a07d-8746f50efde3:2025-11-11T20:50:35.336400+0300 - INFO - Successfully accessed /api/v1/docs (200)]
Log: [0937f51a-2ff1-4440-aa90-3edc10e0ceca:2025-11-11T20:50:35.542397+0300 - INFO - Successfully accessed /api/v1/openapi.json (200)]
Log: [afd55121-2737-4f17-8907-da6a738cc8fe:2025-11-11T20:50:41.501951+0300 - INFO - Successfully accessed /api/v1/users/ (200)]
Log: [30e389ea-fbef-4c67-87b6-4c3b5e3e8d18:2025-11-11T20:50:46.800586+0300 - INFO - Successfully accessed /api/v1/categories/ (200)]
Log: [279989de-ca39-4e03-aafb-183b096ee35a:2025-11-11T21:56:51.759258+0300 - INFO - Successfully accessed / (200)]
Log: [5dcca1e0-46d9-4123-ac42-55038c54185c:2025-11-11T21:56:51.808805+0300 - WARNING - Request to /favicon.ico failed (404)]
Log: [32db1264-baee-4220-8e6c-bc8dc05aac31:2025-11-11T21:56:55.332966+0300 - INFO - Successfully accessed /api/v1/docs (200)]
Log: [c671d999-118d-4a3f-b109-f0f0917e4b19:2025-11-11T21:56:55.445569+0300 - INFO - Successfully accessed /api/v1/openapi.json (200)]
Log: [81f4c7e0-9566-40f8-a5b6-2baf13522ac6:2025-11-11T21:56:59.401816+0300 - INFO - Successfully accessed /api/v1/categories/ (200)]
Log: [67f0f917-c98c-49c3-9bd8-6d4c61935b3c:2025-11-11T21:57:22.168937+0300 - INFO - Successfully accessed /api/v1/users/ (200)]
Log: [c6cc8f66-446a-4d55-a9f7-90a302fea538:2025-11-11T22:03:15.320694+0300 - INFO - Successfully accessed /api/v1/users/ (500)]
Log: [c0fd19a9-a2af-44a8-81c5-242fb30d4091:2025-11-11T22:04:13.283613+0300 - INFO - Successfully accessed /api/v1/users/ (500)]
Log: [96994e29-7c30-4323-8e50-8c9be50847d8:2025-11-11T22:06:47.757290+0300 - WARNING - Request to /feeds/latest/ failed (404)]
Log: [505462a2-393a-406a-af41-8941a8b33825:2025-11-11T22:08:01.559679+0300 - INFO - Successfully accessed /api/v1/docs (200)]
Log: [20b81397-e367-4fc6-831c-567ad3d3c60d:2025-11-11T22:08:01.667603+0300 - INFO - Successfully accessed /api/v1/openapi.json (200)]
Log: [780f3de6-7051-4837-b4a5-44dcaee95940:2025-11-11T22:08:16.000845+0300 - INFO - Successfully accessed /api/v1/users/ (500)]
Log: [29b7a724-e652-4411-a75b-9d0cf13fcc0a:2025-11-11T22:08:45.409263+0300 - INFO - Successfully accessed /api/v1/users/ (200)]
Log: [9675ee8e-3851-4ca2-b6a4-fb0cfccdbc6b:2025-11-12T21:21:50.985687+0300 - INFO - Successfully accessed / (200)]
Log: [3a8d86bf-e35a-4a9c-9c7b-69159c5c39f4:2025-11-12T21:21:51.066787+0300 - WARNING - Request to /favicon.ico failed (404)]
Log: [0f467e03-671f-4c26-a24c-deb8a4a1ddaf:2025-11-12T21:21:55.382666+0300 - INFO - Successfully accessed /api/v1/docs (200)]
Log: [999a683f-4162-4cd9-b1c4-b0ee9b03885e:2025-11-12T21:21:55.542597+0300 - INFO - Successfully accessed /api/v1/openapi.json (200)]
Log: [ee9bafd6-aeca-44d8-89c8-7a8af8a75a2e:2025-11-12T21:22:07.754514+0300 - INFO - Successfully accessed /api/v1/users/ (500)]
Log: [a3c3c7ae-5773-4a70-a28d-a5739a91d6ac:2025-11-12T21:22:39.824915+0300 - WARNING - Request to /feeds/latest/ failed (404)]
Log: [177188c7-2153-4ce7-9efa-c33c5c5f1893:2025-11-12T21:25:40.988345+0300 - INFO - Successfully accessed /api/v1/users/ (500)]
Log: [418d5953-fddd-4b71-a637-8be51b452103:2025-11-12T21:27:23.163241+0300 - INFO - Successfully accessed /api/v1/users/ (200)]
Log: [8dd6bd2b-a4a7-4617-b563-951cce554fe4:2025-11-12T21:45:57.254880+0300 - INFO - Successfully accessed / (200)]
Log: [1e2ad666-65d7-45e2-a9fb-476c7439e46b:2025-11-12T21:46:03.483645+0300 - INFO - Successfully accessed /api/v1/docs (200)]
Log: [a2d9ed24-b631-4262-b345-e351b5f39150:2025-11-12T21:46:03.596481+0300 - INFO - Successfully accessed /api/v1/openapi.json (200)]
Log: [4f9f3a52-c70f-4151-bd2b-528b3344f935:2025-11-12T21:46:21.297456+0300 - INFO - Successfully accessed /api/v1/users/token (422)]
Log: [81290ce1-dc41-47d3-b4ae-def71b0feb06:2025-11-12T21:46:34.915830+0300 - INFO - Successfully accessed /api/v1/users/token (200)]
Log: [78b0bfd8-def6-48d2-a77c-5fe22eb9a149:2025-11-12T21:47:10.290163+0300 - INFO - Successfully accessed /api/v1/users/profiles/ (422)]
Log: [d9a2365a-c5d6-47b7-94c9-6666d84030eb:2025-11-12T21:50:02.244166+0300 - INFO - Successfully accessed /api/v1/users/ (201)]
Log: [c8e3ade7-acf5-4e8f-b11b-5c42c91c9701:2025-11-12T21:50:30.721479+0300 - INFO - Successfully accessed /api/v1/users/token (200)]
Log: [8481dde2-aebc-4f20-bcf8-1f1dbb66081e:2025-11-12T21:50:50.450975+0300 - INFO - Successfully accessed /api/v1/users/profiles/ (422)]
Log: [98d1be24-99d6-4022-9a9f-43fbdcba421f:2025-11-12T21:52:40.013757+0300 - WARNING - Request to /feeds/latest/ failed (404)]
Log: [df6c445f-3c26-4390-802f-9f98edc2a7d7:2025-11-12T21:56:02.807791+0300 - INFO - Successfully accessed /api/v1/docs (200)]
Log: [affc5583-2521-48db-b24d-72a3afaee0ae:2025-11-12T21:56:02.921659+0300 - INFO - Successfully accessed /api/v1/openapi.json (200)]
Log: [c28b6f9f-5963-4490-a911-08e62531658a:2025-11-12T21:56:09.403907+0300 - INFO - Successfully accessed /api/v1/users/profiles/ (200)]
Log: [4eb64035-db22-4fd7-9046-1a85ae5e288c:2025-11-12T21:58:02.438894+0300 - WARNING - Request to /api/v1/users/profiles/ failed (401)]
Log: [58df5665-1fa8-48d1-bb2a-78155fabc0a8:2025-11-12T21:58:19.881041+0300 - INFO - Successfully accessed /api/v1/users/token (200)]
Log: [0c6bfe59-1915-489e-bce8-04aefe93da5c:2025-11-12T21:58:30.332847+0300 - INFO - Successfully accessed /api/v1/users/profiles/ (200)]
Log: [b585e9cb-d93c-4824-9082-9e3a9e1d5504:2025-11-12T21:58:42.897620+0300 - INFO - Successfully accessed /api/v1/users/profiles/ (200)]
Log: [d7630066-e28d-499a-af52-5b6aaf9d9c17:2025-11-12T22:05:16.545330+0300 - INFO - Successfully accessed /api/v1/users/profiles/ (200)]
Log: [6554e8d7-ed6f-40f6-827f-2b4639fc5719:2025-11-12T22:05:27.678794+0300 - INFO - Successfully accessed /api/v1/users/profiles/ (500)]
Log: [991d12e8-5e1f-420b-abb5-14956e004367:2025-11-12T22:11:47.093987+0300 - INFO - Successfully accessed /api/v1/users/profiles/ (400)]
Log: [6ccef274-6558-400f-9dde-80ecc262270a:2025-11-12T22:12:40.241080+0300 - WARNING - Request to /feeds/latest/ failed (404)]
Log: [8d124715-cb08-4810-8252-4bb86c6f3a19:2025-11-12T22:18:59.263584+0300 - INFO - Successfully accessed / (200)]
Log: [c393b9ce-2f95-40b0-9b0e-b028856191d5:2025-11-12T22:19:03.779978+0300 - INFO - Successfully accessed /api/v1/docs (200)]
Log: [6c8ff339-aee7-4610-9f31-6f0b4d17470e:2025-11-12T22:19:03.896437+0300 - INFO - Successfully accessed /api/v1/openapi.json (200)]
Log: [60a77b09-ee05-48ca-8b9e-599ca6cd220f:2025-11-12T22:19:17.813275+0300 - INFO - Successfully accessed /api/v1/users/token (200)]
Log: [0df4286a-4a04-49b9-bdd8-1f64e148596f:2025-11-12T22:20:12.704853+0300 - INFO - Successfully accessed /api/v1/users/profiles/ (500)]
Log: [62ac59fc-8ae0-4d9b-8589-14aad767f620:2025-11-12T22:22:05.781185+0300 - INFO - Successfully accessed /api/v1/users/profiles/ (500)]
Log: [7518a5f0-b7c3-4eff-9bed-60c8b1708d4c:2025-11-12T22:22:40.337533+0300 - WARNING - Request to /feeds/latest/ failed (404)]
Log: [5d86baeb-70ca-4cb1-bd80-8e25d70e2507:2025-11-12T22:22:53.870583+0300 - INFO - Successfully accessed /api/v1/users/profiles/ (400)]
Log: [480e911f-c061-41e0-be88-7923c01f4678:2025-11-12T22:23:01.934338+0300 - INFO - Successfully accessed /api/v1/users/profiles/ (500)]
Log: [b75ea07d-e58c-4376-afdf-5fc3731fb19f:2025-11-12T22:28:34.525143+0300 - INFO - Successfully accessed /api/v1/users/profiles/ (200)]
Log: [9f0fe20e-f927-4532-a402-a8b5968e1d1f:2025-11-12T22:29:43.661415+0300 - INFO - Successfully accessed /api/v1/users/profiles/ (200)]
Log: [1c963e79-a9f2-4d12-9662-2168a9a35e49:2025-11-12T22:30:00.621112+0300 - INFO - Successfully accessed /api/v1/users/profiles/ (422)]
Log: [234288cd-3293-4ffb-885b-9674ccd4bc2d:2025-11-12T22:32:40.473829+0300 - WARNING - Request to /feeds/latest/ failed (404)]
Log: [a9339bae-3d45-4d67-8ee9-f32396d11a34:2025-11-12T22:32:52.540441+0300 - INFO - Successfully accessed /api/v1/users/ (200)]
Log: [f2824c5d-d602-4f58-b69f-74fcefe4e108:2025-11-12T22:37:32.987406+0300 - INFO - Successfully accessed /api/v1/users/ (200)]
Log: [ee4115bd-5891-4bbc-97fa-954aae3b9e11:2025-11-12T22:46:42.539616+0300 - INFO - Successfully accessed / (200)]
Log: [edfa8797-0540-4a9c-a044-cffe46593cc3:2025-11-12T22:46:45.993251+0300 - INFO - Successfully accessed /api/v1/docs (200)]
Log: [f69a87fe-5538-44d0-8c19-3a5f18389fc0:2025-11-12T22:46:46.109748+0300 - INFO - Successfully accessed /api/v1/openapi.json (200)]
Log: [8bc6cb58-4a8a-4862-bbb9-9a0c953b7f52:2025-11-12T22:46:55.733893+0300 - INFO - Successfully accessed /api/v1/users/token (200)]
Log: [a4d697f9-d463-4fc4-aded-1fc5bf9f7ece:2025-11-12T22:47:12.423694+0300 - INFO - Successfully accessed /api/v1/users/me (200)]
Log: [482bfe0f-1c89-456a-835c-dbde19119534:2025-11-13T21:24:16.458878+0300 - INFO - Successfully accessed / (200)]
Log: [6a5b5919-a692-4e15-b3ee-e96a4ec1d5d9:2025-11-13T21:24:16.511417+0300 - WARNING - Request to /favicon.ico failed (404)]
Log: [08213457-d389-45ac-b484-4baa8f61dce9:2025-11-13T21:24:24.385663+0300 - INFO - Successfully accessed /api/v1/docs (200)]
Log: [b803fb76-95f4-4c9a-8300-f6382f456ec7:2025-11-13T21:24:24.502107+0300 - INFO - Successfully accessed /api/v1/openapi.json (200)]
Log: [cc2a9a47-847b-4528-be32-61de1bc53885:2025-11-13T21:24:37.732273+0300 - INFO - Successfully accessed /api/v1/users/ (200)]
Log: [6178a0e8-de8e-4765-ae26-cc7405f3ce85:2025-11-13T21:25:47.561892+0300 - INFO - Successfully accessed /api/v1/docs (200)]
Log: [461fedba-053f-4383-b4a9-bee738a0dd00:2025-11-13T21:25:47.661349+0300 - INFO - Successfully accessed /api/v1/openapi.json (200)]
Log: [04ace97f-6b8e-4a31-87a8-def535c14b07:2025-11-13T21:25:53.846267+0300 - INFO - Successfully accessed /api/v1/users/ (200)]
Log: [8712758e-7d57-4af0-a5ed-223d20d50c48:2025-11-13T22:28:11.855807+0300 - INFO - Successfully accessed / (200)]
Log: [ed2b79d7-e55e-4bb6-94ff-08fc02153c29:2025-11-13T22:28:15.898854+0300 - INFO - Successfully accessed /api/v1/docs (200)]
Log: [c216d837-4246-4125-8e0e-8b714bf5d527:2025-11-13T22:28:16.018778+0300 - INFO - Successfully accessed /api/v1/openapi.json (200)]
Log: [2233ba38-6df5-46d8-a1b9-d39f375c11a4:2025-11-13T22:28:36.681592+0300 - INFO - Successfully accessed /api/v1/products/ (200)]
Log: [f739580b-57e1-41a9-a40c-68eaa7952499:2025-11-13T22:29:08.031562+0300 - INFO - Successfully accessed /api/v1/users/token (200)]
Log: [206d82a5-6e15-42f8-8f6e-a040ebbcbb25:2025-11-13T22:29:22.656181+0300 - INFO - Successfully accessed /api/v1/products/9/orders/ (500)]
Log: [1071ca97-aa3a-40e5-ab36-d0d2eb566c22:2025-11-13T22:29:48.312028+0300 - INFO - Successfully accessed /api/v1/products/ (200)]
Log: [c2c0d4a3-a395-46bc-ae27-c31427ad32f7:2025-11-13T22:30:13.287176+0300 - INFO - Successfully accessed /api/v1/products/9/orders/ (500)]
Log: [aaad69dc-7aa7-493c-944b-598f6735ed88:2025-11-13T22:31:58.862363+0300 - INFO - Successfully accessed /api/v1/products/9/orders/ (200)]
Log: [969db7f0-539c-4c75-9e58-acc78517b9cd:2025-11-13T22:41:21.609079+0300 - INFO - Successfully accessed / (200)]
Log: [fcc36122-bc1b-4d28-841d-66ce1dae4671:2025-11-13T22:41:26.075158+0300 - INFO - Successfully accessed /api/v1/docs (200)]
Log: [7b6ddcff-58e8-4c98-82ec-7fed6be76358:2025-11-13T22:41:26.193955+0300 - INFO - Successfully accessed /api/v1/openapi.json (200)]
Log: [113e770c-8047-452d-a77d-c7d64d7cfef8:2025-11-13T22:44:29.589522+0300 - INFO - Successfully accessed / (200)]
Log: [845c21df-663f-4899-89de-df45897ec8c9:2025-11-13T22:44:35.498899+0300 - INFO - Successfully accessed /api/v1/docs (200)]
Log: [55b24d5c-232c-450a-be29-ba0c22943184:2025-11-13T22:44:35.617158+0300 - INFO - Successfully accessed /api/v1/openapi.json (200)]
Log: [64e5f349-3741-416a-a8fd-9e0fd27a866f:2025-11-13T22:44:51.549059+0300 - INFO - Successfully accessed /api/v1/orders_read/ (200)]
Log: [af68fa9d-8fa9-4a06-896e-b4a3cb12b6dc:2025-11-13T22:48:21.679834+0300 - INFO - Successfully accessed / (200)]
Log: [de921d29-f301-4df1-9176-a0612fab78d4:2025-11-13T22:48:25.356177+0300 - INFO - Successfully accessed /api/v1/docs (200)]
Log: [ed8a6d05-b7e8-4aa5-80ac-cefabfe8d9ec:2025-11-13T22:48:25.471975+0300 - INFO - Successfully accessed /api/v1/openapi.json (200)]
Log: [4adab603-c63a-4d56-bad2-45e6a759a3f0:2025-11-13T22:48:31.619899+0300 - INFO - Successfully accessed /api/v1/orders_read/ (200)]
Log: [45b6383d-1d5b-453a-88e3-2d32a1304e2b:2025-11-13T22:49:12.974111+0300 - INFO - Successfully accessed /api/v1/products/ (200)]
Log: [4e7ac2e1-7c4c-4b0d-aa2d-5754e4f01f87:2025-11-13T22:49:34.434985+0300 - INFO - Successfully accessed /api/v1/users/token (200)]
Log: [6d89b392-26c7-4547-bbcf-8e2632024338:2025-11-13T22:49:56.781037+0300 - INFO - Successfully accessed /api/v1/products/8/orders/ (200)]
Log: [beae053b-e9d7-4819-bb9c-b2340bc54870:2025-11-13T22:50:06.917651+0300 - INFO - Successfully accessed /api/v1/orders_read/ (200)]
